
=== language-ndebele (500 cards) ===
  m01-c01 ✓
  m01-c02 ✓
  m01-c03 ✓
  m01-c04 ✓
  m01-c05 ✓
  m01-c06 ✓
  m01-c07 ✓
  m01-c08 ✓
  m01-c09 ✓
  m01-c10 ✓
  m01-c11 ✓
  m01-c12 ✓
  m01-c13 ✓
  m01-c14 ✓
  m01-c15 ✓
  m01-c16 ✓
  m01-c17 ✓
  m01-c18 ✓
  m01-c19 ✓
  m01-c20 ✓
  m01-c21 ✓
  m01-c22 ✓
  m01-c23 ✓
  m01-c24 ✓
  m01-c25 ✓
  m01-c26 ✓
  m01-c27 ✓
  m01-c28 ✓
  m01-c29 ✓
  m01-c30 ✓
  m01-c31 ✓
  m01-c32 ✓
  m01-c33 ✓
  m01-c34 ✓
  m01-c35 ✓
  m01-c36 ✓
  m01-c37 ✓
  m01-c38 ✓
  m01-c39 ✓
  m01-c40 ✓
  m01-c41 ✓
  m01-c42 ✓
  m01-c43 ✓
  m01-c44 ✓
  m01-c45 ✓
  m01-c46 ✓
  m01-c47 ✓
  m01-c48 ✓
  m01-c49 ✓
  m01-c50 ✓
  m02-c01 ✓
  m02-c02 ✓
  m02-c03 ✓
  m02-c04 ✓
  m02-c05 ✓
  m02-c06 ✓
  m02-c07 ✓
  m02-c08 ✓
  m02-c09 ✓
  m02-c10 ✓
  m02-c11 ✓
  m02-c12 ✓
  m02-c13 ✓
  m02-c14 ✓
  m02-c15 ✓
  m02-c16 ✓
  m02-c17 ✓
  m02-c18 ✓
  m02-c19 ✓
  m02-c20 ✓
  m02-c21 ✓
  m02-c22 ✓
  m02-c23 ✓
  m02-c24 ✓
  m02-c25 ✓
  m02-c26 ✓
  m02-c27 ✓
  m02-c28 ✓
  m02-c29 ✓
  m02-c30 ✓
  m02-c31 ✓
  m02-c32 ✓
  m02-c33 ✓
  m02-c34 ✓
  m02-c35 ✓
  m02-c36 ✓
  m02-c37 ✓
  m02-c38 ✓
  m02-c39 ✓
  m02-c40 ✓
  m02-c41 ✓
  m02-c42 ✓
  m02-c43 ✓
  m02-c44 ✓
  m02-c45 ✓
  m03-c01 ✓
  m03-c02 ✓
  m03-c03 ✓
  m03-c04 ✓
  m03-c05 ✓
  m03-c06 ✓
  m03-c07 ✓
  m03-c08 ✓
  m03-c09 ✓
  m03-c10 ✓
  m03-c11 ✓
  m03-c12 ✓
  m03-c13 ✓
  m03-c14 ✓
  m03-c15 ✓
  m03-c16 ✓
  m03-c17 ✓
  m03-c18 ✓
  m03-c19 ✓
  m03-c20 ✓
  m03-c21 ✓
  m03-c22 ✓
  m03-c23 ✓
  m03-c24 ✓
  m03-c25 ✓
  m03-c26 ✓
  m03-c27 ✓
  m03-c28 ✓
  m03-c29 ✓
  m03-c30 ✓
  m03-c31 ✓
  m03-c32 ✓
  m03-c33 ✓
  m03-c34 ✓
  m03-c35 ✓
  m03-c36 ✓
  m03-c37 ✓
  m03-c38 ✓
  m03-c39 ✓
  m03-c40 ✓
  m03-c41 ✓
  m03-c42 ✓
  m03-c43 ✓
  m03-c44 ✓
  m03-c45 ✓
  m04-c01 ✓
  m04-c02 ✓
  m04-c03 ✓
  m04-c04 ✓
  m04-c05 ✓
  m04-c06 ✓
  m04-c07 ✓
  m04-c08 ✓
  m04-c09 ✓
  m04-c10 ✓
  m04-c11 ✓
  m04-c12 ✓
  m04-c13 ✓
  m04-c14 ✓
  m04-c15 ✓
  m04-c16 ✓
  m04-c17 ✓
  m04-c18 ✓
  m04-c19 ✓
  m04-c20 ✓
  m04-c21 ✓
  m04-c22 ✓
  m04-c23 ✓
  m04-c24 ✓
  m04-c25 ✓
  m04-c26 ✓
  m04-c27 ✓
  m04-c28 ✓
  m04-c29 ✓
  m04-c30 ✓
  m04-c31 ✓
  m04-c32 ✓
  m04-c33 ✓
  m04-c34 ✓
  m04-c35 ✓
  m04-c36 ✓
  m04-c37 ✓
  m04-c38 ✓
  m04-c39 ✓
  m04-c40 ✓
  m04-c41 ✓
  m04-c42 ✓
  m04-c43 ✓
  m04-c44 ✓
  m04-c45 ✓
  m05-c01 ✓
  m05-c02 ✓
  m05-c03 ✓
  m05-c04 ✓
  m05-c05 ✓
  m05-c06 ✓
  m05-c07 ✓
  m05-c08 ✓
  m05-c09 ✓
  m05-c10 ✓
  m05-c11 ✓
  m05-c12 ✓
  m05-c13 ✓
  m05-c14 ✓
  m05-c15 ✓
  m05-c16 ✓
  m05-c17 ✓
  m05-c18 ✓
  m05-c19 ✓
  m05-c20 ✓
  m05-c21 ✓
  m05-c22 ✓
  m05-c23 ✓
  m05-c24 ✓
  m05-c25 ✓
  m05-c26 ✓
  m05-c27 ✓
  m05-c28 ✓
  m05-c29 ✓
  m05-c30 ✓
  m05-c31 ✓
  m05-c32 ✓
  m05-c33 ✓
  m05-c34 ✓
  m05-c35 ✓
  m05-c36 ✓
  m05-c37 ✓
  m05-c38 ✓
  m05-c39 ✓
  m05-c40 ✓
  m05-c41 ✓
  m05-c42 ✓
  m05-c43 ✓
  m05-c44 ✓
  m05-c45 ✓
  m06-c01 ✓
  m06-c02 ✓
  m06-c03 ✓
  m06-c04 ✓
  m06-c05 ✓
  m06-c06 ✓
  m06-c07 ✓
  m06-c08 ✓
  m06-c09 ✓
  m06-c10 ✓
  m06-c11 ✓
  m06-c12 ✓
  m06-c13 ✓
  m06-c14 ✓
  m06-c15 ✓
  m06-c16 ✓
  m06-c17 ✓
  m06-c18 ✓
  m06-c19 ✓
  m06-c20 ✓
  m06-c21 ✓
  m06-c22 ✓
  m06-c23 ✓
  m06-c24 ✓
  m06-c25 ✓
  m06-c26 ✓
  m06-c27 ✓
  m06-c28 ✓
  m06-c29 ✓
  m06-c30 ✓
  m06-c31 ✓
  m06-c32 ✓
  m06-c33 ✓
  m06-c34 ✓
  m06-c35 ✓
  m06-c36 ✓
  m06-c37 ✓
  m06-c38 ✓
  m06-c39 ✓
  m06-c40 ✓
  m06-c41 ✓
  m06-c42 ✓
  m06-c43 ✓
  m06-c44 ✓
  m06-c45 ✓
  m07-c01 ✓
  m07-c02 ✓
  m07-c03 ✓
  m07-c04 ✓
  m07-c05 ✓
  m07-c06 ✓
  m07-c07 ✓
  m07-c08 ✓
  m07-c09 ✓
  m07-c10 ✓
  m07-c11 ✓
  m07-c12 ✓
  m07-c13 ✓
  m07-c14 ✓
  m07-c15 ✓
  m07-c16 ✓
  m07-c17 ✓
  m07-c18 ✓
  m07-c19 ✓
  m07-c20 ✓
  m07-c21 ✓
  m07-c22 ✓
  m07-c23 ✓
  m07-c24 ✓
  m07-c25 ✓
  m07-c26 ✓
  m07-c27 ✓
  m07-c28 ✓
  m07-c29 ✓
  m07-c30 ✓
  m07-c31 ✓
  m07-c32 ✓
  m07-c33 ✓
  m07-c34 ✓
  m07-c35 ✓
  m07-c36 ✓
  m07-c37 ✓
  m07-c38 ✓
  m07-c39 ✓
  m07-c40 ✓
  m07-c41 ✓
  m07-c42 ✓
  m07-c43 ✓
  m07-c44 ✓
  m07-c45 ✓
  m08-c01 ✓
  m08-c02 ✓
  m08-c03 ✓
  m08-c04 ✓
  m08-c05 ✓
  m08-c06 ✓
  m08-c07 ✓
  m08-c08 ✓
  m08-c09 ✓
  m08-c10 ✓
  m08-c11 ✓
  m08-c12 ✓
  m08-c13 ✓
  m08-c14 ✓
  m08-c15 ✓
  m08-c16 ✓
  m08-c17 ✓
  m08-c18 ✓
  m08-c19 ✓
  m08-c20 ✓
  m08-c21 ✓
  m08-c22 ✓
  m08-c23 ✓
  m08-c24 ✓
  m08-c25 ✓
  m08-c26 ✓
  m08-c27 ✓
  m08-c28 ✓
  m08-c29 ✓
  m08-c30 ✓
  m08-c31 ✓
  m08-c32 ✓
  m08-c33 ✓
  m08-c34 ✓
  m08-c35 ✓
  m08-c36 ✓
  m08-c37 ✓
  m08-c38 ✓
  m08-c39 ✓
  m08-c40 ✓
  m08-c41 ✓
  m08-c42 ✓
  m08-c43 ✓
  m08-c44 ✓
  m08-c45 ✓
  m09-c01 ✓
  m09-c02 ✓
  m09-c03 ✓
  m09-c04 ✓
  m09-c05 ✓
  m09-c06 ✓
  m09-c07 ✓
  m09-c08 ✓
  m09-c09 ✓
  m09-c10 ✓
  m09-c11 ✓
  m09-c12 ✓
  m09-c13 ✓
  m09-c14 ✓
  m09-c15 ✓
  m09-c16 ✓
  m09-c17 ✓
  m09-c18 ✓
  m09-c19 ✓
  m09-c20 ✓
  m09-c21 ✓
  m09-c22 ✓
  m09-c23 ✓
  m09-c24 ✓
  m09-c25 ✓
  m09-c26 ✓
  m09-c27 ✓
  m09-c28 ✓
  m09-c29 ✓
  m09-c30 ✓
  m09-c31 ✓
  m09-c32 ✓
  m09-c33 ✓
  m09-c34 ✓
  m09-c35 ✓
  m09-c36 ✓
  m09-c37 ✓
  m09-c38 ✓
  m09-c39 ✓
  m09-c40 ✓
  m09-c41 ✓
  m09-c42 ✓
  m09-c43 ✓
  m09-c44 ✓
  m09-c45 ✓
  m10-c01 ✓
  m10-c02 ✓
  m10-c03 ✓
  m10-c04 ✓
  m10-c05 ✓
  m10-c06 ✓
  m10-c07 ✓
  m10-c08 ✓
  m10-c09 ✓
  m10-c10 ✓
  m10-c11 ✓
  m10-c12 ✓
  m10-c13 ✓
  m10-c14 ✓
  m10-c15 ✓
  m10-c16 ✓
  m10-c17 ✓
  m10-c18 ✓
  m10-c19 ✓
  m10-c20 ✓
  m10-c21 ✓
  m10-c22 ✓
  m10-c23 ✓
  m10-c24 ✓
  m10-c25 ✓
  m10-c26 ✓
  m10-c27 ✓
  m10-c28 ✓
  m10-c29 ✓
  m10-c30 ✓
  m10-c31 ✓
  m10-c32 ✓
  m10-c33 ✓
  m10-c34 ✓
  m10-c35 ✓
  m10-c36 ✓
  m10-c37 ✓
  m10-c38 ✓
  m10-c39 ✓
  m10-c40 ✓
  m10-c41 ✓
  m10-c42 ✓
  m10-c43 ✓
  m10-c44 ✓
  m10-c45 ✓
  m11-c01 ✓
  m11-c02 ✓
  m11-c03 ✓
  m11-c04 ✓
  m11-c05 ✓
  m11-c06 ✓
  m11-c07 ✓
  m11-c08 ✓
  m11-c09 ✓
  m11-c10 ✓
  m11-c11 ✓
  m11-c12 ✓
  m11-c13 ✓
  m11-c14 ✓
  m11-c15 ✓
  m11-c16 ✓
  m11-c17 ✓
  m11-c18 ✓
  m11-c19 ✓
  m11-c20 ✓
  m11-c21 ✓
  m11-c22 ✓
  m11-c23 ✓
  m11-c24 ✓
  m11-c25 ✓
  m11-c26 ✓
  m11-c27 ✓
  m11-c28 ✓
  m11-c29 ✓
  m11-c30 ✓
  m11-c31 ✓
  m11-c32 ✓
  m11-c33 ✓
  m11-c34 ✓
  m11-c35 ✓
  m11-c36 ✓
  m11-c37 ✓
  m11-c38 ✓
  m11-c39 ✓
  m11-c40 ✓
  m11-c41 ✓
  m11-c42 ✓
  m11-c43 ✓
  m11-c44 ✓
  m11-c45 ✓
  Done: 500 generated, 0 cached, 0 failed. 4449 chars.

ALL DONE. 500 generated, 0 cached, 0 failed.
Total chars billed: 4449. Approx cost: $0.80 USD.
